<?xml version="1.0" encoding="UTF-8"?>
<testng-results skipped="0" failed="0" ignored="0" total="2" passed="2">
  <reporter-output>
  </reporter-output>
  <suite name="Default suite" duration-ms="3732" started-at="2022-02-18T23:15:20 IST" finished-at="2022-02-18T23:15:24 IST">
    <groups>
    </groups>
    <test name="Default test" duration-ms="3732" started-at="2022-02-18T23:15:20 IST" finished-at="2022-02-18T23:15:24 IST">
      <class name="com.TestNG.TestNG_Assertion">
        <test-method status="PASS" signature="checkTitle()[pri:0, instance:com.TestNG.TestNG_Assertion@5a8806ef]" name="checkTitle" duration-ms="20" started-at="2022-02-18T23:15:20 IST" finished-at="2022-02-18T23:15:20 IST">
          <reporter-output>
          </reporter-output>
        </test-method> <!-- checkTitle -->
        <test-method status="PASS" signature="login()[pri:0, instance:com.TestNG.TestNG_Assertion@5a8806ef]" name="login" duration-ms="3651" started-at="2022-02-18T23:15:20 IST" finished-at="2022-02-18T23:15:24 IST">
          <reporter-output>
          </reporter-output>
        </test-method> <!-- login -->
      </class> <!-- com.TestNG.TestNG_Assertion -->
    </test> <!-- Default test -->
  </suite> <!-- Default suite -->
</testng-results>
